  [1m[36m (1.0ms)[0m  [1mCREATE TABLE "schema_migrations" ("version" varchar NOT NULL) [0m
  [1m[35m (0.1ms)[0m  select sqlite_version(*)
  [1m[36m (0.8ms)[0m  [1mCREATE UNIQUE INDEX "unique_schema_migrations" ON "schema_migrations" ("version")[0m
  [1m[35mActiveRecord::SchemaMigration Load (0.1ms)[0m  SELECT "schema_migrations".* FROM "schema_migrations"
Migrating to CreateUsers (20150929035242)
  [1m[36m (0.1ms)[0m  [1mbegin transaction[0m
  [1m[35m (0.4ms)[0m  CREATE TABLE "users" ("id" INTEGER PRIMARY KEY AUTOINCREMENT NOT NULL, "first_name" varchar, "last_name" varchar NOT NULL, "email" varchar NOT NULL, "phone" varchar, "company_name" varchar, "job_title" varchar, "bio" text, "contact_by" varchar, "password_digest" varchar, "created_at" datetime NOT NULL, "updated_at" datetime NOT NULL) 
  [1m[36mSQL (0.2ms)[0m  [1mINSERT INTO "schema_migrations" ("version") VALUES (?)[0m  [["version", "20150929035242"]]
  [1m[35m (0.7ms)[0m  commit transaction
Migrating to CreateEvents (20150929035317)
  [1m[36m (0.1ms)[0m  [1mbegin transaction[0m
  [1m[35m (0.4ms)[0m  CREATE TABLE "events" ("id" INTEGER PRIMARY KEY AUTOINCREMENT NOT NULL, "event_title" varchar NOT NULL, "description" text NOT NULL, "location" text, "created_at" datetime NOT NULL, "updated_at" datetime NOT NULL) 
  [1m[36mSQL (0.1ms)[0m  [1mINSERT INTO "schema_migrations" ("version") VALUES (?)[0m  [["version", "20150929035317"]]
  [1m[35m (0.8ms)[0m  commit transaction
Migrating to CreateConnections (20151001024504)
  [1m[36m (0.1ms)[0m  [1mbegin transaction[0m
  [1m[35m (0.4ms)[0m  CREATE TABLE "connections" ("id" INTEGER PRIMARY KEY AUTOINCREMENT NOT NULL, "connected_user_id" integer, "attendance_id" integer) 
  [1m[36mSQL (0.1ms)[0m  [1mINSERT INTO "schema_migrations" ("version") VALUES (?)[0m  [["version", "20151001024504"]]
  [1m[35m (0.7ms)[0m  commit transaction
Migrating to CreateAttendances (20151001232542)
  [1m[36m (0.1ms)[0m  [1mbegin transaction[0m
  [1m[35m (0.4ms)[0m  CREATE TABLE "attendances" ("id" INTEGER PRIMARY KEY AUTOINCREMENT NOT NULL, "user_id" integer, "event_id" integer, "host" varchar) 
  [1m[36mSQL (0.1ms)[0m  [1mINSERT INTO "schema_migrations" ("version") VALUES (?)[0m  [["version", "20151001232542"]]
  [1m[35m (0.8ms)[0m  commit transaction
  [1m[36mActiveRecord::SchemaMigration Load (0.1ms)[0m  [1mSELECT "schema_migrations".* FROM "schema_migrations"[0m
  [1m[36mActiveRecord::SchemaMigration Load (0.4ms)[0m  [1mSELECT "schema_migrations".* FROM "schema_migrations"[0m
  [1m[35mActiveRecord::SchemaMigration Load (0.1ms)[0m  SELECT "schema_migrations".* FROM "schema_migrations"
Migrating to CreateAttendances (20151001232542)
  [1m[36m (0.1ms)[0m  [1mbegin transaction[0m
  [1m[35m (1.2ms)[0m  DROP TABLE "attendances"
  [1m[36mSQL (0.2ms)[0m  [1mDELETE FROM "schema_migrations" WHERE "schema_migrations"."version" = ?[0m  [["version", "20151001232542"]]
  [1m[35m (0.8ms)[0m  commit transaction
  [1m[36mActiveRecord::SchemaMigration Load (0.1ms)[0m  [1mSELECT "schema_migrations".* FROM "schema_migrations"[0m
  [1m[36mActiveRecord::SchemaMigration Load (0.1ms)[0m  [1mSELECT "schema_migrations".* FROM "schema_migrations"[0m
  [1m[35mActiveRecord::SchemaMigration Load (0.1ms)[0m  SELECT "schema_migrations".* FROM "schema_migrations"
Migrating to CreateConnections (20151001024504)
  [1m[36m (0.1ms)[0m  [1mbegin transaction[0m
  [1m[35m (0.5ms)[0m  DROP TABLE "connections"
  [1m[36mSQL (0.2ms)[0m  [1mDELETE FROM "schema_migrations" WHERE "schema_migrations"."version" = ?[0m  [["version", "20151001024504"]]
  [1m[35m (0.8ms)[0m  commit transaction
  [1m[36mActiveRecord::SchemaMigration Load (0.1ms)[0m  [1mSELECT "schema_migrations".* FROM "schema_migrations"[0m
  [1m[36mActiveRecord::SchemaMigration Load (0.1ms)[0m  [1mSELECT "schema_migrations".* FROM "schema_migrations"[0m
  [1m[35mActiveRecord::SchemaMigration Load (0.1ms)[0m  SELECT "schema_migrations".* FROM "schema_migrations"
Migrating to CreateEvents (20150929035317)
  [1m[36m (0.1ms)[0m  [1mbegin transaction[0m
  [1m[35m (0.5ms)[0m  DROP TABLE "events"
  [1m[36mSQL (0.2ms)[0m  [1mDELETE FROM "schema_migrations" WHERE "schema_migrations"."version" = ?[0m  [["version", "20150929035317"]]
  [1m[35m (0.8ms)[0m  commit transaction
  [1m[36mActiveRecord::SchemaMigration Load (0.1ms)[0m  [1mSELECT "schema_migrations".* FROM "schema_migrations"[0m
  [1m[36mActiveRecord::SchemaMigration Load (0.1ms)[0m  [1mSELECT "schema_migrations".* FROM "schema_migrations"[0m
  [1m[35mActiveRecord::SchemaMigration Load (0.1ms)[0m  SELECT "schema_migrations".* FROM "schema_migrations"
Migrating to CreateUsers (20150929035242)
  [1m[36m (0.1ms)[0m  [1mbegin transaction[0m
  [1m[35m (0.6ms)[0m  DROP TABLE "users"
  [1m[36mSQL (0.2ms)[0m  [1mDELETE FROM "schema_migrations" WHERE "schema_migrations"."version" = ?[0m  [["version", "20150929035242"]]
  [1m[35m (0.7ms)[0m  commit transaction
  [1m[36mActiveRecord::SchemaMigration Load (0.1ms)[0m  [1mSELECT "schema_migrations".* FROM "schema_migrations"[0m
  [1m[36mActiveRecord::SchemaMigration Load (0.1ms)[0m  [1mSELECT "schema_migrations".* FROM "schema_migrations"[0m
  [1m[35mActiveRecord::SchemaMigration Load (0.1ms)[0m  SELECT "schema_migrations".* FROM "schema_migrations"
  [1m[36mActiveRecord::SchemaMigration Load (0.4ms)[0m  [1mSELECT "schema_migrations".* FROM "schema_migrations"[0m
Migrating to CreateUsers (20150929035242)
  [1m[35m (0.1ms)[0m  begin transaction
  [1m[36m (0.8ms)[0m  [1mCREATE TABLE "users" ("id" INTEGER PRIMARY KEY AUTOINCREMENT NOT NULL, "first_name" varchar, "last_name" varchar, "email" varchar NOT NULL, "phone" integer, "company_name" varchar, "job_title" varchar, "bio" text, "contact_by" varchar, "password_digest" varchar NOT NULL, "created_at" datetime NOT NULL, "updated_at" datetime NOT NULL) [0m
  [1m[35mSQL (0.2ms)[0m  INSERT INTO "schema_migrations" ("version") VALUES (?)  [["version", "20150929035242"]]
  [1m[36m (1.1ms)[0m  [1mcommit transaction[0m
Migrating to CreateEvents (20150929035317)
  [1m[35m (0.1ms)[0m  begin transaction
  [1m[36m (0.4ms)[0m  [1mCREATE TABLE "events" ("id" INTEGER PRIMARY KEY AUTOINCREMENT NOT NULL, "event_title" varchar NOT NULL, "description" text NOT NULL, "location" varchar, "date" datetime, "created_at" datetime NOT NULL, "updated_at" datetime NOT NULL) [0m
  [1m[35mSQL (0.2ms)[0m  INSERT INTO "schema_migrations" ("version") VALUES (?)  [["version", "20150929035317"]]
  [1m[36m (0.6ms)[0m  [1mcommit transaction[0m
Migrating to CreateConnections (20151001024504)
  [1m[35m (0.1ms)[0m  begin transaction
  [1m[36m (0.3ms)[0m  [1mCREATE TABLE "connections" ("id" INTEGER PRIMARY KEY AUTOINCREMENT NOT NULL, "connected_user_id" integer, "attendance_id" integer, "created_at" datetime NOT NULL, "updated_at" datetime NOT NULL) [0m
  [1m[35mSQL (0.1ms)[0m  INSERT INTO "schema_migrations" ("version") VALUES (?)  [["version", "20151001024504"]]
  [1m[36m (1.4ms)[0m  [1mcommit transaction[0m
Migrating to CreateAttendances (20151001232542)
  [1m[35m (0.1ms)[0m  begin transaction
  [1m[36m (0.3ms)[0m  [1mCREATE TABLE "attendances" ("id" INTEGER PRIMARY KEY AUTOINCREMENT NOT NULL, "user_id" integer, "event_id" integer, "host" boolean, "reason" integer, "created_at" datetime NOT NULL, "updated_at" datetime NOT NULL) [0m
  [1m[35mSQL (0.1ms)[0m  INSERT INTO "schema_migrations" ("version") VALUES (?)  [["version", "20151001232542"]]
  [1m[36m (1.1ms)[0m  [1mcommit transaction[0m
  [1m[35mActiveRecord::SchemaMigration Load (0.1ms)[0m  SELECT "schema_migrations".* FROM "schema_migrations"
  [1m[36mActiveRecord::SchemaMigration Load (0.5ms)[0m  [1mSELECT "schema_migrations".* FROM "schema_migrations"[0m
  [1m[36mActiveRecord::SchemaMigration Load (0.1ms)[0m  [1mSELECT "schema_migrations".* FROM "schema_migrations"[0m
  [1m[35mActiveRecord::SchemaMigration Load (0.1ms)[0m  SELECT "schema_migrations".* FROM "schema_migrations"
Migrating to CreateAttendances (20151001232542)
  [1m[36m (0.1ms)[0m  [1mbegin transaction[0m
  [1m[35m (1.1ms)[0m  DROP TABLE "attendances"
  [1m[36mSQL (0.2ms)[0m  [1mDELETE FROM "schema_migrations" WHERE "schema_migrations"."version" = ?[0m  [["version", "20151001232542"]]
  [1m[35m (0.7ms)[0m  commit transaction
  [1m[36mActiveRecord::SchemaMigration Load (0.1ms)[0m  [1mSELECT "schema_migrations".* FROM "schema_migrations"[0m
  [1m[36mActiveRecord::SchemaMigration Load (0.1ms)[0m  [1mSELECT "schema_migrations".* FROM "schema_migrations"[0m
  [1m[35mActiveRecord::SchemaMigration Load (0.1ms)[0m  SELECT "schema_migrations".* FROM "schema_migrations"
Migrating to CreateConnections (20151001024504)
  [1m[36m (0.1ms)[0m  [1mbegin transaction[0m
  [1m[35m (0.4ms)[0m  DROP TABLE "connections"
  [1m[36mSQL (0.2ms)[0m  [1mDELETE FROM "schema_migrations" WHERE "schema_migrations"."version" = ?[0m  [["version", "20151001024504"]]
  [1m[35m (0.7ms)[0m  commit transaction
  [1m[36mActiveRecord::SchemaMigration Load (0.1ms)[0m  [1mSELECT "schema_migrations".* FROM "schema_migrations"[0m
  [1m[36mActiveRecord::SchemaMigration Load (0.1ms)[0m  [1mSELECT "schema_migrations".* FROM "schema_migrations"[0m
  [1m[35mActiveRecord::SchemaMigration Load (0.1ms)[0m  SELECT "schema_migrations".* FROM "schema_migrations"
Migrating to CreateEvents (20150929035317)
  [1m[36m (0.1ms)[0m  [1mbegin transaction[0m
  [1m[35m (0.4ms)[0m  DROP TABLE "events"
  [1m[36mSQL (0.2ms)[0m  [1mDELETE FROM "schema_migrations" WHERE "schema_migrations"."version" = ?[0m  [["version", "20150929035317"]]
  [1m[35m (0.7ms)[0m  commit transaction
  [1m[36mActiveRecord::SchemaMigration Load (0.1ms)[0m  [1mSELECT "schema_migrations".* FROM "schema_migrations"[0m
  [1m[36mActiveRecord::SchemaMigration Load (0.1ms)[0m  [1mSELECT "schema_migrations".* FROM "schema_migrations"[0m
  [1m[35mActiveRecord::SchemaMigration Load (0.1ms)[0m  SELECT "schema_migrations".* FROM "schema_migrations"
Migrating to CreateUsers (20150929035242)
  [1m[36m (0.1ms)[0m  [1mbegin transaction[0m
  [1m[35m (0.4ms)[0m  DROP TABLE "users"
  [1m[36mSQL (0.2ms)[0m  [1mDELETE FROM "schema_migrations" WHERE "schema_migrations"."version" = ?[0m  [["version", "20150929035242"]]
  [1m[35m (1.1ms)[0m  commit transaction
  [1m[36mActiveRecord::SchemaMigration Load (0.1ms)[0m  [1mSELECT "schema_migrations".* FROM "schema_migrations"[0m
  [1m[36mActiveRecord::SchemaMigration Load (0.1ms)[0m  [1mSELECT "schema_migrations".* FROM "schema_migrations"[0m
  [1m[35mActiveRecord::SchemaMigration Load (0.1ms)[0m  SELECT "schema_migrations".* FROM "schema_migrations"
  [1m[36m (2.1ms)[0m  [1mCREATE TABLE "schema_migrations" ("version" varchar NOT NULL) [0m
  [1m[35m (0.1ms)[0m  select sqlite_version(*)
  [1m[36m (1.2ms)[0m  [1mCREATE UNIQUE INDEX "unique_schema_migrations" ON "schema_migrations" ("version")[0m
  [1m[35mActiveRecord::SchemaMigration Load (0.1ms)[0m  SELECT "schema_migrations".* FROM "schema_migrations"
Migrating to CreateUsers (20150929035242)
  [1m[36m (0.1ms)[0m  [1mbegin transaction[0m
  [1m[35m (0.5ms)[0m  CREATE TABLE "users" ("id" INTEGER PRIMARY KEY AUTOINCREMENT NOT NULL, "first_name" varchar, "last_name" varchar, "email" varchar NOT NULL, "phone" varchar, "company_name" varchar, "job_title" varchar, "bio" text, "contact_by" varchar, "password_digest" varchar NOT NULL, "created_at" datetime NOT NULL, "updated_at" datetime NOT NULL) 
  [1m[36mSQL (0.2ms)[0m  [1mINSERT INTO "schema_migrations" ("version") VALUES (?)[0m  [["version", "20150929035242"]]
  [1m[35m (0.8ms)[0m  commit transaction
Migrating to CreateEvents (20150929035317)
  [1m[36m (0.1ms)[0m  [1mbegin transaction[0m
  [1m[35m (0.5ms)[0m  CREATE TABLE "events" ("id" INTEGER PRIMARY KEY AUTOINCREMENT NOT NULL, "event_title" varchar NOT NULL, "description" text NOT NULL, "location" varchar, "date" datetime, "created_at" datetime NOT NULL, "updated_at" datetime NOT NULL) 
  [1m[36mSQL (0.1ms)[0m  [1mINSERT INTO "schema_migrations" ("version") VALUES (?)[0m  [["version", "20150929035317"]]
  [1m[35m (0.8ms)[0m  commit transaction
Migrating to CreateConnections (20151001024504)
  [1m[36m (0.1ms)[0m  [1mbegin transaction[0m
  [1m[35m (0.4ms)[0m  CREATE TABLE "connections" ("id" INTEGER PRIMARY KEY AUTOINCREMENT NOT NULL, "connected_user_id" integer, "attendance_id" integer, "created_at" datetime NOT NULL, "updated_at" datetime NOT NULL) 
  [1m[36mSQL (0.1ms)[0m  [1mINSERT INTO "schema_migrations" ("version") VALUES (?)[0m  [["version", "20151001024504"]]
  [1m[35m (0.8ms)[0m  commit transaction
Migrating to CreateAttendances (20151001232542)
  [1m[36m (0.1ms)[0m  [1mbegin transaction[0m
  [1m[35m (0.4ms)[0m  CREATE TABLE "attendances" ("id" INTEGER PRIMARY KEY AUTOINCREMENT NOT NULL, "user_id" integer, "event_id" integer, "host" boolean, "reason" integer, "created_at" datetime NOT NULL, "updated_at" datetime NOT NULL) 
  [1m[36mSQL (0.1ms)[0m  [1mINSERT INTO "schema_migrations" ("version") VALUES (?)[0m  [["version", "20151001232542"]]
  [1m[35m (0.8ms)[0m  commit transaction
  [1m[36mActiveRecord::SchemaMigration Load (0.1ms)[0m  [1mSELECT "schema_migrations".* FROM "schema_migrations"[0m
  [1m[36mActiveRecord::SchemaMigration Load (0.1ms)[0m  [1mSELECT "schema_migrations".* FROM "schema_migrations"[0m
  [1m[36mActiveRecord::SchemaMigration Load (0.1ms)[0m  [1mSELECT "schema_migrations".* FROM "schema_migrations"[0m
  [1m[36mActiveRecord::SchemaMigration Load (0.1ms)[0m  [1mSELECT "schema_migrations".* FROM "schema_migrations"[0m
  [1m[35m (0.1ms)[0m  begin transaction
  [1m[36mUser Exists (0.5ms)[0m  [1mSELECT  1 AS one FROM "users" WHERE "users"."email" = 'abee369@hotmail.com' LIMIT 1[0m
  [1m[35mSQL (0.8ms)[0m  INSERT INTO "users" ("first_name", "last_name", "email", "phone", "company_name", "job_title", "bio", "contact_by", "password_digest", "created_at", "updated_at") VALUES (?, ?, ?, ?, ?, ?, ?, ?, ?, ?, ?)  [["first_name", "Abhi"], ["last_name", "Kon"], ["email", "abee369@hotmail.com"], ["phone", "1233422345"], ["company_name", "rails"], ["job_title", "The Boss"], ["bio", "Learning coding now!"], ["contact_by", "3"], ["password_digest", "sdfsdfew"], ["created_at", "2015-10-02 01:38:31.600113"], ["updated_at", "2015-10-02 01:38:31.600113"]]
  [1m[36m (0.8ms)[0m  [1mcommit transaction[0m
  [1m[35m (0.1ms)[0m  begin transaction
  [1m[36m (0.0ms)[0m  [1mrollback transaction[0m
  [1m[36mActiveRecord::SchemaMigration Load (0.5ms)[0m  [1mSELECT "schema_migrations".* FROM "schema_migrations"[0m
  [1m[35m (0.1ms)[0m  begin transaction
  [1m[36mUser Exists (0.4ms)[0m  [1mSELECT  1 AS one FROM "users" WHERE "users"."email" = 'abee369@hotmail.com' LIMIT 1[0m
  [1m[35m (0.1ms)[0m  rollback transaction
  [1m[36m (0.0ms)[0m  [1mbegin transaction[0m
  [1m[35m (0.0ms)[0m  rollback transaction
  [1m[36mActiveRecord::SchemaMigration Load (0.4ms)[0m  [1mSELECT "schema_migrations".* FROM "schema_migrations"[0m
  [1m[35m (0.1ms)[0m  begin transaction
  [1m[36mUser Exists (0.4ms)[0m  [1mSELECT  1 AS one FROM "users" WHERE "users"."email" = 'abee369@hotmail.com' LIMIT 1[0m
  [1m[35m (0.1ms)[0m  rollback transaction
  [1m[36m (0.1ms)[0m  [1mbegin transaction[0m
  [1m[35mSQL (1.2ms)[0m  INSERT INTO "attendances" ("user_id", "event_id", "host", "reason", "created_at", "updated_at") VALUES (?, ?, ?, ?, ?, ?)  [["user_id", 1], ["event_id", 1], ["host", "t"], ["reason", 1], ["created_at", "2015-10-02 01:40:41.561888"], ["updated_at", "2015-10-02 01:40:41.561888"]]
  [1m[36m (0.7ms)[0m  [1mcommit transaction[0m
  [1m[35m (0.0ms)[0m  begin transaction
  [1m[36mSQL (0.6ms)[0m  [1mINSERT INTO "connections" ("connected_user_id", "attendance_id", "created_at", "updated_at") VALUES (?, ?, ?, ?)[0m  [["connected_user_id", 1], ["attendance_id", 1], ["created_at", "2015-10-02 01:40:41.570116"], ["updated_at", "2015-10-02 01:40:41.570116"]]
  [1m[35m (0.5ms)[0m  commit transaction
  [1m[36m (0.0ms)[0m  [1mbegin transaction[0m
  [1m[35mSQL (0.3ms)[0m  INSERT INTO "events" ("event_title", "description", "location", "date", "created_at", "updated_at") VALUES (?, ?, ?, ?, ?, ?)  [["event_title", "Party!!!"], ["description", "to do homework"], ["location", "1647 Blue Island, Chicago IL"], ["date", "2015-04-10 17:00:00.000000"], ["created_at", "2015-10-02 01:40:41.578992"], ["updated_at", "2015-10-02 01:40:41.578992"]]
  [1m[36m (0.6ms)[0m  [1mcommit transaction[0m
  [1m[36mUser Load (2.7ms)[0m  [1mSELECT "users".* FROM "users"[0m
  [1m[35mEvent Load (0.2ms)[0m  SELECT "events".* FROM "events"
  [1m[36mUser Load (0.2ms)[0m  [1mSELECT  "users".* FROM "users"  ORDER BY "users"."id" ASC LIMIT 1[0m
  [1m[35mAttendance Load (0.2ms)[0m  SELECT "attendances".* FROM "attendances" WHERE "attendances"."user_id" = ?  [["user_id", 1]]
  [1m[36mUser Load (0.4ms)[0m  [1mSELECT  "users".* FROM "users"  ORDER BY "users"."id" ASC LIMIT 1[0m
  [1m[35mAttendance Load (0.2ms)[0m  SELECT "attendances".* FROM "attendances" WHERE "attendances"."user_id" = ?  [["user_id", 1]]
  [1m[36mUser Load (0.3ms)[0m  [1mSELECT  "users".* FROM "users"  ORDER BY "users"."id" ASC LIMIT 1[0m
  [1m[35mAttendance Load (0.2ms)[0m  SELECT "attendances".* FROM "attendances" WHERE "attendances"."user_id" = ?  [["user_id", 1]]
  [1m[36mUser Load (0.3ms)[0m  [1mSELECT  "users".* FROM "users"  ORDER BY "users"."id" ASC LIMIT 1[0m
  [1m[35mAttendance Load (0.2ms)[0m  SELECT "attendances".* FROM "attendances" WHERE "attendances"."user_id" = ?  [["user_id", 1]]
  [1m[36mUser Load (0.3ms)[0m  [1mSELECT  "users".* FROM "users"  ORDER BY "users"."id" ASC LIMIT 1[0m
  [1m[35mAttendance Load (0.2ms)[0m  SELECT "attendances".* FROM "attendances" WHERE "attendances"."user_id" = ?  [["user_id", 1]]
  [1m[36mUser Load (0.3ms)[0m  [1mSELECT  "users".* FROM "users"  ORDER BY "users"."id" ASC LIMIT 1[0m
  [1m[35mAttendance Load (0.2ms)[0m  SELECT "attendances".* FROM "attendances" WHERE "attendances"."user_id" = ?  [["user_id", 1]]
  [1m[36mUser Load (0.2ms)[0m  [1mSELECT  "users".* FROM "users"  ORDER BY "users"."id" ASC LIMIT 1[0m
  [1m[35mAttendance Load (0.2ms)[0m  SELECT "attendances".* FROM "attendances" WHERE "attendances"."user_id" = ?  [["user_id", 1]]
  [1m[36mUser Load (0.2ms)[0m  [1mSELECT  "users".* FROM "users"  ORDER BY "users"."id" ASC LIMIT 1[0m
  [1m[35mAttendance Load (0.2ms)[0m  SELECT "attendances".* FROM "attendances" WHERE "attendances"."user_id" = ?  [["user_id", 1]]
  [1m[36mUser Load (0.3ms)[0m  [1mSELECT  "users".* FROM "users"  ORDER BY "users"."id" ASC LIMIT 1[0m
  [1m[35mAttendance Load (0.1ms)[0m  SELECT "attendances".* FROM "attendances" WHERE "attendances"."user_id" = ?  [["user_id", 1]]
  [1m[36mUser Load (0.2ms)[0m  [1mSELECT  "users".* FROM "users"  ORDER BY "users"."id" ASC LIMIT 1[0m
  [1m[35mAttendance Load (0.8ms)[0m  SELECT  "attendances".* FROM "attendances" WHERE "attendances"."user_id" = ?  ORDER BY "attendances"."id" ASC LIMIT 1  [["user_id", 1]]
  [1m[36mUser Load (0.4ms)[0m  [1mSELECT  "users".* FROM "users"  ORDER BY "users"."id" ASC LIMIT 1[0m
  [1m[35mAttendance Load (0.2ms)[0m  SELECT "attendances".* FROM "attendances" WHERE "attendances"."user_id" = ?  [["user_id", 1]]
  [1m[36mUser Load (0.3ms)[0m  [1mSELECT  "users".* FROM "users"  ORDER BY "users"."id" ASC LIMIT 1[0m
  [1m[35mAttendance Load (0.2ms)[0m  SELECT  "attendances".* FROM "attendances" WHERE "attendances"."user_id" = ?  ORDER BY "attendances"."id" ASC LIMIT 1  [["user_id", 1]]
  [1m[36mConnection Load (0.2ms)[0m  [1mSELECT "connections".* FROM "connections" WHERE "connections"."attendance_id" = ?[0m  [["attendance_id", 1]]
  [1m[35mUser Load (0.2ms)[0m  SELECT  "users".* FROM "users"  ORDER BY "users"."id" ASC LIMIT 1
  [1m[36mAttendance Load (0.2ms)[0m  [1mSELECT  "attendances".* FROM "attendances" WHERE "attendances"."user_id" = ?  ORDER BY "attendances"."id" ASC LIMIT 1[0m  [["user_id", 1]]
  [1m[35mConnection Load (0.3ms)[0m  SELECT  "connections".* FROM "connections" WHERE "connections"."attendance_id" = ?  ORDER BY "connections"."id" ASC LIMIT 1  [["attendance_id", 1]]
  [1m[36mUser Load (0.3ms)[0m  [1mSELECT  "users".* FROM "users"  ORDER BY "users"."id" ASC LIMIT 1[0m
  [1m[35mAttendance Load (0.1ms)[0m  SELECT  "attendances".* FROM "attendances" WHERE "attendances"."user_id" = ?  ORDER BY "attendances"."id" ASC LIMIT 1  [["user_id", 1]]
  [1m[36mConnection Load (0.2ms)[0m  [1mSELECT "connections".* FROM "connections" WHERE "connections"."attendance_id" = ? AND "connections"."connected_user_id" = ?[0m  [["attendance_id", 1], ["connected_user_id", 1]]
  [1m[35mUser Load (0.4ms)[0m  SELECT  "users".* FROM "users"  ORDER BY "users"."id" ASC LIMIT 1
  [1m[36mAttendance Load (0.2ms)[0m  [1mSELECT  "attendances".* FROM "attendances" WHERE "attendances"."user_id" = ?  ORDER BY "attendances"."id" ASC LIMIT 1[0m  [["user_id", 1]]
  [1m[35mConnection Load (0.3ms)[0m  SELECT  "connections".* FROM "connections" WHERE "connections"."attendance_id" = ? AND "connections"."connected_user_id" = ?  ORDER BY "connections"."id" ASC LIMIT 1  [["attendance_id", 1], ["connected_user_id", 1]]
  [1m[36mUser Load (0.5ms)[0m  [1mSELECT  "users".* FROM "users"  ORDER BY "users"."id" ASC LIMIT 1[0m
  [1m[35mAttendance Load (0.3ms)[0m  SELECT  "attendances".* FROM "attendances" WHERE "attendances"."user_id" = ?  ORDER BY "attendances"."id" ASC LIMIT 1  [["user_id", 1]]
  [1m[36mConnection Load (0.2ms)[0m  [1mSELECT  "connections".* FROM "connections" WHERE "connections"."attendance_id" = ? AND "connections"."connected_user_id" = ?  ORDER BY "connections"."id" ASC LIMIT 1[0m  [["attendance_id", 1], ["connected_user_id", 1]]
  [1m[36mUser Load (0.4ms)[0m  [1mSELECT  "users".* FROM "users"  ORDER BY "users"."id" ASC LIMIT 1[0m
  [1m[35mAttendance Load (0.2ms)[0m  SELECT  "attendances".* FROM "attendances" WHERE "attendances"."user_id" = ?  ORDER BY "attendances"."id" ASC LIMIT 1  [["user_id", 1]]
  [1m[36mConnection Load (0.2ms)[0m  [1mSELECT  "connections".* FROM "connections" WHERE "connections"."attendance_id" = ? AND "connections"."connected_user_id" = ?  ORDER BY "connections"."id" ASC LIMIT 1[0m  [["attendance_id", 1], ["connected_user_id", 1]]
  [1m[35mUser Load (0.3ms)[0m  SELECT  "users".* FROM "users" WHERE "users"."id" = ? LIMIT 1  [["id", 1]]
  [1m[36mUser Load (0.2ms)[0m  [1mSELECT  "users".* FROM "users"  ORDER BY "users"."id" ASC LIMIT 1[0m
  [1m[35mAttendance Load (0.2ms)[0m  SELECT  "attendances".* FROM "attendances" WHERE "attendances"."user_id" = ?  ORDER BY "attendances"."id" ASC LIMIT 1  [["user_id", 1]]
  [1m[36mConnection Load (0.2ms)[0m  [1mSELECT  "connections".* FROM "connections" WHERE "connections"."attendance_id" = ? AND "connections"."connected_user_id" = ?  ORDER BY "connections"."id" ASC LIMIT 1[0m  [["attendance_id", 1], ["connected_user_id", 1]]
  [1m[35mUser Load (0.2ms)[0m  SELECT  "users".* FROM "users" WHERE "users"."id" = ? LIMIT 1  [["id", 1]]
  [1m[36mUser Load (0.4ms)[0m  [1mSELECT  "users".* FROM "users"  ORDER BY "users"."id" ASC LIMIT 1[0m
  [1m[35mAttendance Load (0.2ms)[0m  SELECT  "attendances".* FROM "attendances" WHERE "attendances"."user_id" = ?  ORDER BY "attendances"."id" ASC LIMIT 1  [["user_id", 1]]
  [1m[36mConnection Load (0.2ms)[0m  [1mSELECT  "connections".* FROM "connections" WHERE "connections"."attendance_id" = ? AND "connections"."connected_user_id" = ?  ORDER BY "connections"."id" ASC LIMIT 1[0m  [["attendance_id", 1], ["connected_user_id", 1]]
  [1m[35mUser Load (0.1ms)[0m  SELECT  "users".* FROM "users" WHERE "users"."id" = ? LIMIT 1  [["id", 1]]
  [1m[36mUser Load (0.6ms)[0m  [1mSELECT  "users".* FROM "users"  ORDER BY "users"."id" ASC LIMIT 1[0m
  [1m[36mUser Load (0.4ms)[0m  [1mSELECT  "users".* FROM "users"  ORDER BY "users"."id" ASC LIMIT 1[0m
  [1m[35mUser Load (0.2ms)[0m  SELECT  "users".* FROM "users"  ORDER BY "users"."id" ASC LIMIT 1
  [1m[36mAttendance Load (0.6ms)[0m  [1mSELECT  "attendances".* FROM "attendances" WHERE "attendances"."user_id" = ?  ORDER BY "attendances"."id" ASC LIMIT 1[0m  [["user_id", 1]]
  [1m[35mUser Load (0.3ms)[0m  SELECT  "users".* FROM "users"  ORDER BY "users"."id" ASC LIMIT 1
  [1m[36mAttendance Load (0.2ms)[0m  [1mSELECT  "attendances".* FROM "attendances" WHERE "attendances"."user_id" = ?  ORDER BY "attendances"."id" ASC LIMIT 1[0m  [["user_id", 1]]
  [1m[35mUser Load (0.3ms)[0m  SELECT  "users".* FROM "users"  ORDER BY "users"."id" ASC LIMIT 1
  [1m[36mAttendance Load (0.2ms)[0m  [1mSELECT  "attendances".* FROM "attendances" WHERE "attendances"."user_id" = ?  ORDER BY "attendances"."id" ASC LIMIT 1[0m  [["user_id", 1]]
  [1m[35mUser Load (0.2ms)[0m  SELECT  "users".* FROM "users"  ORDER BY "users"."id" ASC LIMIT 1
  [1m[36mAttendance Load (0.2ms)[0m  [1mSELECT  "attendances".* FROM "attendances" WHERE "attendances"."user_id" = ?  ORDER BY "attendances"."id" ASC LIMIT 1[0m  [["user_id", 1]]
  [1m[35mUser Load (0.4ms)[0m  SELECT  "users".* FROM "users"  ORDER BY "users"."id" ASC LIMIT 1
  [1m[36mAttendance Load (0.2ms)[0m  [1mSELECT  "attendances".* FROM "attendances" WHERE "attendances"."user_id" = ?  ORDER BY "attendances"."id" ASC LIMIT 1[0m  [["user_id", 1]]
  [1m[35mUser Load (0.3ms)[0m  SELECT  "users".* FROM "users"  ORDER BY "users"."id" ASC LIMIT 1
  [1m[36mAttendance Load (0.2ms)[0m  [1mSELECT  "attendances".* FROM "attendances" WHERE "attendances"."user_id" = ?  ORDER BY "attendances"."id" ASC LIMIT 1[0m  [["user_id", 1]]
  [1m[36mUser Load (0.7ms)[0m  [1mSELECT  "users".* FROM "users"  ORDER BY "users"."id" ASC LIMIT 1[0m
  [1m[35mAttendance Load (0.8ms)[0m  SELECT "attendances".* FROM "attendances" WHERE "attendances"."user_id" = ? AND "attendances"."event_id" = ?  [["user_id", 1], ["event_id", 1]]
  [1m[36mUser Load (0.3ms)[0m  [1mSELECT  "users".* FROM "users"  ORDER BY "users"."id" ASC LIMIT 1[0m
  [1m[35mAttendance Load (0.2ms)[0m  SELECT "attendances".* FROM "attendances" WHERE "attendances"."user_id" = ? AND "attendances"."event_id" = ?  [["user_id", 1], ["event_id", 1]]
  [1m[36mUser Load (0.3ms)[0m  [1mSELECT  "users".* FROM "users"  ORDER BY "users"."id" ASC LIMIT 1[0m
  [1m[35mAttendance Load (0.2ms)[0m  SELECT "attendances".* FROM "attendances" WHERE "attendances"."user_id" = ? AND "attendances"."event_id" = ?  [["user_id", 1], ["event_id", 1]]
  [1m[36mUser Load (0.3ms)[0m  [1mSELECT  "users".* FROM "users"  ORDER BY "users"."id" ASC LIMIT 1[0m
  [1m[35mAttendance Load (0.2ms)[0m  SELECT "attendances".* FROM "attendances" WHERE "attendances"."user_id" = ? AND "attendances"."event_id" = ?  [["user_id", 1], ["event_id", 1]]
  [1m[36mUser Load (0.3ms)[0m  [1mSELECT  "users".* FROM "users"  ORDER BY "users"."id" ASC LIMIT 1[0m
  [1m[35mAttendance Load (0.3ms)[0m  SELECT  "attendances".* FROM "attendances" WHERE "attendances"."user_id" = ? AND "attendances"."event_id" = ?  ORDER BY "attendances"."id" ASC LIMIT 1  [["user_id", 1], ["event_id", 1]]
  [1m[36mUser Load (0.2ms)[0m  [1mSELECT  "users".* FROM "users"  ORDER BY "users"."id" ASC LIMIT 1[0m
  [1m[35mAttendance Load (0.2ms)[0m  SELECT  "attendances".* FROM "attendances" WHERE "attendances"."user_id" = ? AND "attendances"."event_id" = ?  ORDER BY "attendances"."id" ASC LIMIT 1  [["user_id", 1], ["event_id", 1]]
  [1m[36mUser Load (0.3ms)[0m  [1mSELECT  "users".* FROM "users"  ORDER BY "users"."id" ASC LIMIT 1[0m
  [1m[35mAttendance Load (0.2ms)[0m  SELECT  "attendances".* FROM "attendances" WHERE "attendances"."user_id" = ? AND "attendances"."event_id" = ?  ORDER BY "attendances"."id" ASC LIMIT 1  [["user_id", 1], ["event_id", 1]]
  [1m[36mUser Load (0.3ms)[0m  [1mSELECT  "users".* FROM "users"  ORDER BY "users"."id" ASC LIMIT 1[0m
  [1m[35mAttendance Load (0.2ms)[0m  SELECT  "attendances".* FROM "attendances" WHERE "attendances"."user_id" = ? AND "attendances"."event_id" = ?  ORDER BY "attendances"."id" ASC LIMIT 1  [["user_id", 1], ["event_id", 1]]
  [1m[36mUser Load (0.4ms)[0m  [1mSELECT  "users".* FROM "users"  ORDER BY "users"."id" ASC LIMIT 1[0m
  [1m[35mAttendance Load (0.2ms)[0m  SELECT  "attendances".* FROM "attendances" WHERE "attendances"."user_id" = ? AND "attendances"."event_id" = ?  ORDER BY "attendances"."id" ASC LIMIT 1  [["user_id", 1], ["event_id", 1]]
  [1m[36mUser Load (0.3ms)[0m  [1mSELECT  "users".* FROM "users"  ORDER BY "users"."id" ASC LIMIT 1[0m
  [1m[35mAttendance Load (0.2ms)[0m  SELECT  "attendances".* FROM "attendances" WHERE "attendances"."user_id" = ? AND "attendances"."event_id" = ?  ORDER BY "attendances"."id" ASC LIMIT 1  [["user_id", 1], ["event_id", 1]]
  [1m[36mUser Load (0.3ms)[0m  [1mSELECT  "users".* FROM "users"  ORDER BY "users"."id" ASC LIMIT 1[0m
  [1m[35mAttendance Load (0.2ms)[0m  SELECT  "attendances".* FROM "attendances" WHERE "attendances"."user_id" = ? AND "attendances"."event_id" = ?  ORDER BY "attendances"."id" ASC LIMIT 1  [["user_id", 1], ["event_id", 1]]
  [1m[36mUser Load (0.3ms)[0m  [1mSELECT  "users".* FROM "users"  ORDER BY "users"."id" ASC LIMIT 1[0m
  [1m[35mAttendance Load (0.2ms)[0m  SELECT  "attendances".* FROM "attendances" WHERE "attendances"."user_id" = ? AND "attendances"."event_id" = ?  ORDER BY "attendances"."id" ASC LIMIT 1  [["user_id", 1], ["event_id", 1]]
  [1m[36mUser Load (1.4ms)[0m  [1mSELECT  "users".* FROM "users"  ORDER BY "users"."id" ASC LIMIT 1[0m
  [1m[35mAttendance Load (0.3ms)[0m  SELECT  "attendances".* FROM "attendances" WHERE "attendances"."user_id" = ? AND "attendances"."event_id" = ?  ORDER BY "attendances"."id" ASC LIMIT 1  [["user_id", 1], ["event_id", 1]]
  [1m[36mUser Load (0.4ms)[0m  [1mSELECT  "users".* FROM "users"  ORDER BY "users"."id" ASC LIMIT 1[0m
  [1m[35mAttendance Load (0.2ms)[0m  SELECT  "attendances".* FROM "attendances" WHERE "attendances"."user_id" = ? AND "attendances"."event_id" = ?  ORDER BY "attendances"."id" ASC LIMIT 1  [["user_id", 1], ["event_id", 1]]
  [1m[36mUser Load (0.4ms)[0m  [1mSELECT  "users".* FROM "users"  ORDER BY "users"."id" ASC LIMIT 1[0m
  [1m[35mAttendance Load (0.2ms)[0m  SELECT  "attendances".* FROM "attendances" WHERE "attendances"."user_id" = ? AND "attendances"."event_id" = ?  ORDER BY "attendances"."id" ASC LIMIT 1  [["user_id", 1], ["event_id", 1]]
  [1m[36mUser Load (0.4ms)[0m  [1mSELECT  "users".* FROM "users"  ORDER BY "users"."id" ASC LIMIT 1[0m
  [1m[35mAttendance Load (0.2ms)[0m  SELECT  "attendances".* FROM "attendances" WHERE "attendances"."user_id" = ? AND "attendances"."event_id" = ?  ORDER BY "attendances"."id" ASC LIMIT 1  [["user_id", 1], ["event_id", 1]]
  [1m[36mUser Load (0.3ms)[0m  [1mSELECT  "users".* FROM "users"  ORDER BY "users"."id" ASC LIMIT 1[0m
  [1m[35mAttendance Load (0.2ms)[0m  SELECT  "attendances".* FROM "attendances" WHERE "attendances"."user_id" = ? AND "attendances"."event_id" = ?  ORDER BY "attendances"."id" ASC LIMIT 1  [["user_id", 1], ["event_id", 1]]
  [1m[36mUser Load (0.5ms)[0m  [1mSELECT  "users".* FROM "users"  ORDER BY "users"."id" ASC LIMIT 1[0m
  [1m[35mAttendance Load (0.5ms)[0m  SELECT  "attendances".* FROM "attendances" WHERE "attendances"."user_id" = ? AND "attendances"."event_id" = ?  ORDER BY "attendances"."id" ASC LIMIT 1  [["user_id", 1], ["event_id", 1]]
  [1m[36mEvent Load (0.4ms)[0m  [1mSELECT  "events".* FROM "events" WHERE "events"."id" = ? LIMIT 1[0m  [["id", 1]]
  [1m[35mUser Load (0.3ms)[0m  SELECT  "users".* FROM "users"  ORDER BY "users"."id" ASC LIMIT 1
  [1m[36mAttendance Load (0.2ms)[0m  [1mSELECT  "attendances".* FROM "attendances" WHERE "attendances"."user_id" = ? AND "attendances"."event_id" = ?  ORDER BY "attendances"."id" ASC LIMIT 1[0m  [["user_id", 1], ["event_id", 1]]
  [1m[35mEvent Load (0.1ms)[0m  SELECT  "events".* FROM "events" WHERE "events"."id" = ? LIMIT 1  [["id", 1]]
  [1m[36mEvent Load (0.3ms)[0m  [1mSELECT  "events".* FROM "events"  ORDER BY "events"."id" ASC LIMIT 1[0m
  [1m[35mEvent Load (0.2ms)[0m  SELECT  "events".* FROM "events"  ORDER BY "events"."id" ASC LIMIT 1
  [1m[36mEvent Load (0.4ms)[0m  [1mSELECT  "events".* FROM "events"  ORDER BY "events"."id" ASC LIMIT 1[0m
  [1m[35mEvent Load (0.3ms)[0m  SELECT  "events".* FROM "events"  ORDER BY "events"."id" ASC LIMIT 1
  [1m[36mEvent Load (0.6ms)[0m  [1mSELECT  "events".* FROM "events"  ORDER BY "events"."id" ASC LIMIT 1[0m
  [1m[35mEvent Load (0.3ms)[0m  SELECT  "events".* FROM "events"  ORDER BY "events"."id" ASC LIMIT 1
  [1m[36mEvent Load (0.2ms)[0m  [1mSELECT  "events".* FROM "events"  ORDER BY "events"."id" ASC LIMIT 1[0m
  [1m[36mEvent Load (0.9ms)[0m  [1mSELECT  "events".* FROM "events"  ORDER BY "events"."id" ASC LIMIT 1[0m
  [1m[35mEvent Load (0.2ms)[0m  SELECT  "events".* FROM "events"  ORDER BY "events"."id" ASC LIMIT 1
  [1m[36mAttendance Load (0.5ms)[0m  [1mSELECT "attendances".* FROM "attendances" WHERE "attendances"."event_id" = ?[0m  [["event_id", 1]]
  [1m[35mEvent Load (1.3ms)[0m  SELECT  "events".* FROM "events" WHERE "events"."id" = ? LIMIT 1  [["id", 1]]
